Wathen: nx 4 ny 4 n 65 nz 752 method 0, time: 0.000 sec
MIS time in seconds:       0.002108
MIS time in seconds:       0.000157
independent set found: 13 of 65 nodes
independent set found: 13 of 65 nodes
isize: 13 13
MIS time in seconds:       0.000168
MIS time in seconds:       0.000219
independent set found: 14 of 65 nodes
independent set found: 14 of 65 nodes
isize: 14 14
random 5 by 5, nz: 18, method 1 time 0.000 sec
MIS time in seconds:       0.000318
MIS time in seconds:       0.000053
independent set found: 1 of 5 nodes
independent set found: 1 of 5 nodes
isize: 1 1
MIS time in seconds:       0.000143
MIS time in seconds:       0.000063
independent set found: 2 of 5 nodes
independent set found: 2 of 5 nodes
isize: 2 2
matrix 3 by 3, 0 entries, from stdin
MIS time in seconds:       0.001699
MIS time in seconds:       0.001089
independent set found: 3 of 3 nodes
independent set found: 3 of 3 nodes
isize: 3 3
MIS time in seconds:       0.000031
MIS time in seconds:       0.000034
independent set found: 3 of 3 nodes
independent set found: 3 of 3 nodes
isize: 3 3
matrix 4 by 4, 4 entries, from stdin
MIS time in seconds:       0.002752
MIS time in seconds:       0.000051
independent set found: 2 of 4 nodes
independent set found: 2 of 4 nodes
isize: 2 2
MIS time in seconds:       0.000072
MIS time in seconds:       0.000045
independent set found: 2 of 4 nodes
independent set found: 2 of 4 nodes
isize: 2 2
matrix 4 by 4, 10 entries, from stdin
MIS time in seconds:       0.000735
MIS time in seconds:       0.000066
independent set found: 2 of 4 nodes
independent set found: 2 of 4 nodes
isize: 2 2
MIS time in seconds:       0.000078
MIS time in seconds:       0.000043
independent set found: 2 of 4 nodes
independent set found: 2 of 4 nodes
isize: 2 2
matrix 7 by 7, 16 entries, from stdin
MIS time in seconds:       0.000496
MIS time in seconds:       0.000066
independent set found: 4 of 7 nodes
independent set found: 4 of 7 nodes
isize: 4 4
MIS time in seconds:       0.000069
MIS time in seconds:       0.000063
independent set found: 3 of 7 nodes
independent set found: 3 of 7 nodes
isize: 3 3
matrix 304 by 304, 876 entries, from stdin
MIS time in seconds:       0.002194
MIS time in seconds:       0.000161
independent set found: 215 of 304 nodes
independent set found: 215 of 304 nodes
isize: 215 215
MIS time in seconds:       0.000161
MIS time in seconds:       0.000131
independent set found: 216 of 304 nodes
independent set found: 216 of 304 nodes
isize: 216 216
matrix 48 by 48, 352 entries, from stdin
MIS time in seconds:       0.000673
MIS time in seconds:       0.000106
independent set found: 12 of 48 nodes
independent set found: 12 of 48 nodes
isize: 12 12
MIS time in seconds:       0.000127
MIS time in seconds:       0.000119
independent set found: 11 of 48 nodes
independent set found: 11 of 48 nodes
isize: 11 11
matrix 4884 by 4884, 285494 entries, from stdin
MIS time in seconds:       0.002155
MIS time in seconds:       0.006750
independent set found: 286 of 4884 nodes
independent set found: 286 of 4884 nodes
isize: 286 286
MIS time in seconds:       0.002314
MIS time in seconds:       0.002067
independent set found: 284 of 4884 nodes
independent set found: 284 of 4884 nodes
isize: 284 284
matrix 183 by 183, 1402 entries, from stdin
MIS time in seconds:       0.004106
MIS time in seconds:       0.000191
independent set found: 91 of 183 nodes
independent set found: 91 of 183 nodes
isize: 91 91
MIS time in seconds:       0.000165
MIS time in seconds:       0.000149
independent set found: 87 of 183 nodes
independent set found: 87 of 183 nodes
isize: 87 87
matrix 63 by 63, 246 entries, from stdin
MIS time in seconds:       0.000902
MIS time in seconds:       0.000106
independent set found: 23 of 63 nodes
independent set found: 23 of 63 nodes
isize: 23 23
MIS time in seconds:       0.000092
MIS time in seconds:       0.000081
independent set found: 23 of 63 nodes
independent set found: 23 of 63 nodes
isize: 23 23
matrix 63 by 63, 246 entries, from stdin
MIS time in seconds:       0.000288
MIS time in seconds:       0.000104
independent set found: 25 of 63 nodes
independent set found: 25 of 63 nodes
isize: 25 25
MIS time in seconds:       0.000102
MIS time in seconds:       0.000085
independent set found: 26 of 63 nodes
independent set found: 26 of 63 nodes
isize: 26 26
matrix 78 by 78, 204 entries, from stdin
MIS time in seconds:       0.000966
MIS time in seconds:       0.000107
independent set found: 51 of 78 nodes
independent set found: 51 of 78 nodes
isize: 51 51
MIS time in seconds:       0.000113
MIS time in seconds:       0.000103
independent set found: 50 of 78 nodes
independent set found: 50 of 78 nodes
isize: 50 50
matrix 982 by 982, 99840 entries, from stdin
MIS time in seconds:       0.002571
MIS time in seconds:       0.002366
independent set found: 355 of 982 nodes
independent set found: 355 of 982 nodes
isize: 355 355
MIS time in seconds:       0.001934
MIS time in seconds:       0.002086
independent set found: 362 of 982 nodes
independent set found: 362 of 982 nodes
isize: 362 362
matrix 67 by 67, 574 entries, from stdin
MIS time in seconds:       0.000370
MIS time in seconds:       0.000172
independent set found: 17 of 67 nodes
independent set found: 17 of 67 nodes
isize: 17 17
MIS time in seconds:       0.000168
MIS time in seconds:       0.000161
independent set found: 17 of 67 nodes
independent set found: 17 of 67 nodes
isize: 17 17
Wathen: nx 200 ny 200 n 120801 nz 1762400 method 0, time: 0.152 sec
MIS time in seconds:       0.046933
MIS time in seconds:       0.035800
independent set found: 18220 of 120801 nodes
independent set found: 18220 of 120801 nodes
isize: 18220 18220
MIS time in seconds:       0.037530
MIS time in seconds:       0.034838
independent set found: 18241 of 120801 nodes
independent set found: 18241 of 120801 nodes
isize: 18241 18241
random 10000 by 10000, nz: 199768, method 0 time 0.024 sec
MIS time in seconds:       0.004161
MIS time in seconds:       0.003975
independent set found: 1677 of 10000 nodes
independent set found: 1677 of 10000 nodes
isize: 1677 1677
MIS time in seconds:       0.004098
MIS time in seconds:       0.003839
independent set found: 1664 of 10000 nodes
independent set found: 1664 of 10000 nodes
isize: 1664 1664
random 10000 by 10000, nz: 199768, method 1 time 0.017 sec
MIS time in seconds:       0.003838
MIS time in seconds:       0.003634
independent set found: 1677 of 10000 nodes
independent set found: 1677 of 10000 nodes
isize: 1677 1677
MIS time in seconds:       0.003903
MIS time in seconds:       0.003513
independent set found: 1664 of 10000 nodes
independent set found: 1664 of 10000 nodes
isize: 1664 1664
random 100000 by 100000, nz: 19980330, method 0 time 2.210 sec
MIS time in seconds:       0.167019
MIS time in seconds:       0.164111
independent set found: 2799 of 100000 nodes
independent set found: 2799 of 100000 nodes
isize: 2799 2799
MIS time in seconds:       0.174388
MIS time in seconds:       0.170173
independent set found: 2815 of 100000 nodes
independent set found: 2815 of 100000 nodes
isize: 2815 2815
random 100000 by 100000, nz: 19980330, method 1 time 1.753 sec
MIS time in seconds:       0.167238
MIS time in seconds:       0.162124
independent set found: 2799 of 100000 nodes
independent set found: 2799 of 100000 nodes
isize: 2799 2799
MIS time in seconds:       0.169863
MIS time in seconds:       0.170961
independent set found: 2815 of 100000 nodes
independent set found: 2815 of 100000 nodes
isize: 2815 2815
