--------------------------------------------------------------


n 65 # edges 376

------------------------------------- dot product method:
# triangles 872

----------------------------------- saxpy method:

--------------------------------------------------------------


n 5 # edges 9

------------------------------------- dot product method:
# triangles 7

----------------------------------- saxpy method:

--------------------------------------------------------------
matrix 3 by 3, 0 entries, from stdin


n 3 # edges 0

------------------------------------- dot product method:
# triangles 0

----------------------------------- saxpy method:

--------------------------------------------------------------
matrix 4 by 4, 4 entries, from stdin


n 4 # edges 2

------------------------------------- dot product method:
# triangles 0

----------------------------------- saxpy method:

--------------------------------------------------------------
matrix 4 by 4, 10 entries, from stdin


n 4 # edges 5

------------------------------------- dot product method:
# triangles 2

----------------------------------- saxpy method:

--------------------------------------------------------------
matrix 7 by 7, 16 entries, from stdin


n 7 # edges 8

------------------------------------- dot product method:
# triangles 0

----------------------------------- saxpy method:

--------------------------------------------------------------
matrix 304 by 304, 876 entries, from stdin


n 304 # edges 438

------------------------------------- dot product method:
# triangles 0

----------------------------------- saxpy method:

--------------------------------------------------------------
matrix 48 by 48, 352 entries, from stdin


n 48 # edges 176

------------------------------------- dot product method:
# triangles 160

----------------------------------- saxpy method:

--------------------------------------------------------------
matrix 4884 by 4884, 285494 entries, from stdin


n 4884 # edges 142747

------------------------------------- dot product method:
# triangles 1512964

----------------------------------- saxpy method:

--------------------------------------------------------------
matrix 183 by 183, 1402 entries, from stdin


n 183 # edges 701

------------------------------------- dot product method:
# triangles 863

----------------------------------- saxpy method:

--------------------------------------------------------------
matrix 63 by 63, 246 entries, from stdin


n 63 # edges 123

------------------------------------- dot product method:
# triangles 0

----------------------------------- saxpy method:

--------------------------------------------------------------
matrix 63 by 63, 246 entries, from stdin


n 63 # edges 123

------------------------------------- dot product method:
# triangles 0

----------------------------------- saxpy method:

--------------------------------------------------------------
matrix 78 by 78, 204 entries, from stdin


n 78 # edges 102

------------------------------------- dot product method:
# triangles 0

----------------------------------- saxpy method:

--------------------------------------------------------------
matrix 982 by 982, 99840 entries, from stdin


n 982 # edges 49920

------------------------------------- dot product method:
# triangles 0

----------------------------------- saxpy method:

--------------------------------------------------------------
matrix 67 by 67, 574 entries, from stdin


n 67 # edges 287

------------------------------------- dot product method:
# triangles 120

----------------------------------- saxpy method:

--------------------------------------------------------------


n 120801 # edges 881200

------------------------------------- dot product method:
# triangles 2160400

----------------------------------- saxpy method:

--------------------------------------------------------------


n 10000 # edges 99884

------------------------------------- dot product method:
# triangles 1357

----------------------------------- saxpy method:

--------------------------------------------------------------


n 10000 # edges 99884

------------------------------------- dot product method:
# triangles 1357

----------------------------------- saxpy method:

--------------------------------------------------------------


n 100000 # edges 9990165

------------------------------------- dot product method:
# triangles 1330131

----------------------------------- saxpy method:

--------------------------------------------------------------


n 100000 # edges 9990165

------------------------------------- dot product method:
# triangles 1330131

----------------------------------- saxpy method:

