
--------------------------------------------------------------------------------
slash:  Dell laptop, Ubuntu 18.04, Intel Core  i7-8565U CPU @ 1.80GHz
--------------------------------------------------------------------------------

with gcc 11.2.0 and libgomp.

context demo: nthreads_max 8

    GraphBLAS Context: GxB_CONTEXT_WORLD 
    Context.nthreads: 8
    Context.chunk:    65536

nthreads to use: 8

nmat 1

   threads (   1,   1):    1 time:   3.3253 sec speedup:    1.000

   threads (   1,   2):    2 time:   2.0142 sec speedup:    1.651

   threads (   1,   4):    4 time:   1.2565 sec speedup:    2.647

   threads (   1,   8):    8 time:   1.1699 sec speedup:    2.842

nmat 2

   threads (   1,   1):    1 time:   6.7556 sec speedup:    1.000

   threads (   1,   2):    2 time:   4.1288 sec speedup:    1.636
   threads (   2,   1):    2 time:   4.0819 sec speedup:    1.655

   threads (   1,   4):    4 time:   3.0058 sec speedup:    2.248
   threads (   2,   2):    4 time:   3.1214 sec speedup:    2.164

   threads (   1,   8):    8 time:   2.5679 sec speedup:    2.631
   threads (   2,   4):    8 time:   2.5633 sec speedup:    2.636

nmat 4

   threads (   1,   1):    1 time:  13.2450 sec speedup:    1.000

   threads (   1,   2):    2 time:   8.9054 sec speedup:    1.487
   threads (   2,   1):    2 time:   8.2617 sec speedup:    1.603

   threads (   1,   4):    4 time:   6.2032 sec speedup:    2.135
   threads (   2,   2):    4 time:   6.1049 sec speedup:    2.170
   threads (   4,   1):    4 time:   5.4404 sec speedup:    2.435

   threads (   1,   8):    8 time:   5.0979 sec speedup:    2.598
   threads (   2,   4):    8 time:   4.9381 sec speedup:    2.682
   threads (   4,   2):    8 time:   5.0856 sec speedup:    2.604

nmat 8

   threads (   1,   1):    1 time:  26.3780 sec speedup:    1.000

   threads (   1,   2):    2 time:  18.0355 sec speedup:    1.463
   threads (   2,   1):    2 time:  16.5057 sec speedup:    1.598

   threads (   1,   4):    4 time:  12.3503 sec speedup:    2.136
   threads (   2,   2):    4 time:  12.1201 sec speedup:    2.176
   threads (   4,   1):    4 time:  10.8411 sec speedup:    2.433

   threads (   1,   8):    8 time:  10.2767 sec speedup:    2.567
   threads (   2,   4):    8 time:   9.9508 sec speedup:    2.651
   threads (   4,   2):    8 time:   9.7275 sec speedup:    2.712
   threads (   8,   1):    8 time:   9.2212 sec speedup:    2.861

nmat 16

   threads (   1,   1):    1 time:  52.6915 sec speedup:    1.000

   threads (   1,   2):    2 time:  36.1360 sec speedup:    1.458
   threads (   2,   1):    2 time:  32.6665 sec speedup:    1.613

   threads (   1,   4):    4 time:  24.8339 sec speedup:    2.122
   threads (   2,   2):    4 time:  24.2778 sec speedup:    2.170
   threads (   4,   1):    4 time:  22.3687 sec speedup:    2.356

   threads (   1,   8):    8 time:  21.3673 sec speedup:    2.466
   threads (   2,   4):    8 time:  19.9309 sec speedup:    2.644
   threads (   4,   2):    8 time:  19.9392 sec speedup:    2.643
   threads (   8,   1):    8 time:  17.7655 sec speedup:    2.966
