
--------------------------------------------------------------------------------
/raid/research/davisgroup/GraphChallenge/2018/ssget/Mallya/lhr71_adj.tsv.gz
--------------------------------------------------------------
matrix 70304 by 70304, 2985588 entries, from stdin

total time to read A matrix:       1.665681 sec

n 70304 # edges 1492794
U=triu(A) time:        0.001283 sec
L=tril(A) time:        0.001108 sec

------------------------------------- dot product method:
# triangles 160592
L*U' time (dot):         0.048398 sec
tricount time:         0.054005 sec (dot product method)
tri+prep time:         0.056396 sec (incl time to compute L and U)
compute C time:        0.048398 sec
reduce (C) time:       0.005607 sec
rate      26.47 million edges/sec (incl time for U=triu(A))
rate      27.64 million edges/sec (just tricount itself)
L*U' time (dot):         0.024553 sec (nthreads: 2 speedup 1.97116)
tricount time:         0.027470 sec (dot product method)
tri+prep time:         0.029861 sec (incl time to compute L and U)
compute C time:        0.024553 sec
reduce (C) time:       0.002917 sec
rate      49.99 million edges/sec (incl time for U=triu(A))
rate      54.34 million edges/sec (just tricount itself)
L*U' time (dot):         0.012689 sec (nthreads: 4 speedup 3.81414)
tricount time:         0.014359 sec (dot product method)
tri+prep time:         0.016750 sec (incl time to compute L and U)
compute C time:        0.012689 sec
reduce (C) time:       0.001670 sec
rate      89.12 million edges/sec (incl time for U=triu(A))
rate     103.96 million edges/sec (just tricount itself)
L*U' time (dot):         0.006710 sec (nthreads: 8 speedup 7.21276)
tricount time:         0.007628 sec (dot product method)
tri+prep time:         0.010019 sec (incl time to compute L and U)
compute C time:        0.006710 sec
reduce (C) time:       0.000918 sec
rate     149.00 million edges/sec (incl time for U=triu(A))
rate     195.70 million edges/sec (just tricount itself)
L*U' time (dot):         0.003908 sec (nthreads: 16 speedup 12.3846)
tricount time:         0.004476 sec (dot product method)
tri+prep time:         0.006867 sec (incl time to compute L and U)
compute C time:        0.003908 sec
reduce (C) time:       0.000568 sec
rate     217.38 million edges/sec (incl time for U=triu(A))
rate     333.51 million edges/sec (just tricount itself)
L*U' time (dot):         0.002929 sec (nthreads: 32 speedup 16.5225)
tricount time:         0.003377 sec (dot product method)
tri+prep time:         0.005768 sec (incl time to compute L and U)
compute C time:        0.002929 sec
reduce (C) time:       0.000448 sec
rate     258.79 million edges/sec (incl time for U=triu(A))
rate     442.02 million edges/sec (just tricount itself)
L*U' time (dot):         0.046707 sec
tricount time:         0.053011 sec (dot product method)
tri+prep time:         0.055402 sec (incl time to compute L and U)
compute C time:        0.046707 sec
reduce (C) time:       0.006304 sec
rate      26.94 million edges/sec (incl time for U=triu(A))
rate      28.16 million edges/sec (just tricount itself)
L*U' time (dot):         0.024698 sec (nthreads: 2 speedup 1.89112)
tricount time:         0.027938 sec (dot product method)
tri+prep time:         0.030329 sec (incl time to compute L and U)
compute C time:        0.024698 sec
reduce (C) time:       0.003240 sec
rate      49.22 million edges/sec (incl time for U=triu(A))
rate      53.43 million edges/sec (just tricount itself)
L*U' time (dot):         0.011657 sec (nthreads: 4 speedup 4.00677)
tricount time:         0.013034 sec (dot product method)
tri+prep time:         0.015425 sec (incl time to compute L and U)
compute C time:        0.011657 sec
reduce (C) time:       0.001377 sec
rate      96.78 million edges/sec (incl time for U=triu(A))
rate     114.53 million edges/sec (just tricount itself)
L*U' time (dot):         0.005362 sec (nthreads: 8 speedup 8.71067)
tricount time:         0.006179 sec (dot product method)
tri+prep time:         0.008570 sec (incl time to compute L and U)
compute C time:        0.005362 sec
reduce (C) time:       0.000817 sec
rate     174.19 million edges/sec (incl time for U=triu(A))
rate     241.60 million edges/sec (just tricount itself)
L*U' time (dot):         0.003306 sec (nthreads: 16 speedup 14.1283)
tricount time:         0.003834 sec (dot product method)
tri+prep time:         0.006225 sec (incl time to compute L and U)
compute C time:        0.003306 sec
reduce (C) time:       0.000528 sec
rate     239.80 million edges/sec (incl time for U=triu(A))
rate     389.36 million edges/sec (just tricount itself)
L*U' time (dot):         0.002632 sec (nthreads: 32 speedup 17.7464)
tricount time:         0.003068 sec (dot product method)
tri+prep time:         0.005459 sec (incl time to compute L and U)
compute C time:        0.002632 sec
reduce (C) time:       0.000436 sec
rate     273.45 million edges/sec (incl time for U=triu(A))
rate     486.57 million edges/sec (just tricount itself)

----------------------------------- saxpy method:
C<L>=L*L time (saxpy):         0.015355 sec
tricount time:         0.015577 sec (saxpy method)
tri+prep time:         0.016685 sec (incl time to compute L)
compute C time:        0.015355 sec
reduce (C) time:       0.000222 sec
rate      89.47 million edges/sec (incl time for L=tril(A))
rate      95.83 million edges/sec (just tricount itself)
C<L>=L*L time (saxpy):         0.017863 sec (nthreads: 2 speedup 0.859601)
tricount time:         0.018004 sec (saxpy method)
tri+prep time:         0.019112 sec (incl time to compute L)
compute C time:        0.017863 sec
reduce (C) time:       0.000141 sec
rate      78.11 million edges/sec (incl time for L=tril(A))
rate      82.92 million edges/sec (just tricount itself)
C<L>=L*L time (saxpy):         0.009490 sec (nthreads: 4 speedup 1.618)
tricount time:         0.009572 sec (saxpy method)
tri+prep time:         0.010680 sec (incl time to compute L)
compute C time:        0.009490 sec
reduce (C) time:       0.000082 sec
rate     139.78 million edges/sec (incl time for L=tril(A))
rate     155.95 million edges/sec (just tricount itself)
C<L>=L*L time (saxpy):         0.005735 sec (nthreads: 8 speedup 2.67743)
tricount time:         0.005799 sec (saxpy method)
tri+prep time:         0.006907 sec (incl time to compute L)
compute C time:        0.005735 sec
reduce (C) time:       0.000064 sec
rate     216.14 million edges/sec (incl time for L=tril(A))
rate     257.43 million edges/sec (just tricount itself)
C<L>=L*L time (saxpy):         0.003993 sec (nthreads: 16 speedup 3.84541)
tricount time:         0.004067 sec (saxpy method)
tri+prep time:         0.005175 sec (incl time to compute L)
compute C time:        0.003993 sec
reduce (C) time:       0.000074 sec
rate     288.47 million edges/sec (incl time for L=tril(A))
rate     367.06 million edges/sec (just tricount itself)
C<L>=L*L time (saxpy):         0.003754 sec (nthreads: 32 speedup 4.09012)
tricount time:         0.003836 sec (saxpy method)
tri+prep time:         0.004944 sec (incl time to compute L)
compute C time:        0.003754 sec
reduce (C) time:       0.000082 sec
rate     301.94 million edges/sec (incl time for L=tril(A))
rate     389.14 million edges/sec (just tricount itself)


--------------------------------------------------------------------------------
/raid/research/davisgroup/GraphChallenge/2018/ssget/Freescale/Freescale2_adj.tsv.gz
--------------------------------------------------------------
matrix 2999349 by 2999349, 11489868 entries, from stdin

total time to read A matrix:       6.302692 sec

n 2999349 # edges 5744934
U=triu(A) time:        0.012245 sec
L=tril(A) time:        0.009010 sec

------------------------------------- dot product method:
# triangles 21027280
L*U' time (dot):         0.462702 sec
tricount time:         0.536452 sec (dot product method)
tri+prep time:         0.557707 sec (incl time to compute L and U)
compute C time:        0.462702 sec
reduce (C) time:       0.073750 sec
rate      10.30 million edges/sec (incl time for U=triu(A))
rate      10.71 million edges/sec (just tricount itself)
L*U' time (dot):         0.253303 sec (nthreads: 2 speedup 1.82667)
tricount time:         0.286943 sec (dot product method)
tri+prep time:         0.308198 sec (incl time to compute L and U)
compute C time:        0.253303 sec
reduce (C) time:       0.033640 sec
rate      18.64 million edges/sec (incl time for U=triu(A))
rate      20.02 million edges/sec (just tricount itself)
L*U' time (dot):         0.107790 sec (nthreads: 4 speedup 4.29263)
tricount time:         0.127333 sec (dot product method)
tri+prep time:         0.148588 sec (incl time to compute L and U)
compute C time:        0.107790 sec
reduce (C) time:       0.019543 sec
rate      38.66 million edges/sec (incl time for U=triu(A))
rate      45.12 million edges/sec (just tricount itself)
L*U' time (dot):         0.063416 sec (nthreads: 8 speedup 7.2963)
tricount time:         0.077320 sec (dot product method)
tri+prep time:         0.098575 sec (incl time to compute L and U)
compute C time:        0.063416 sec
reduce (C) time:       0.013904 sec
rate      58.28 million edges/sec (incl time for U=triu(A))
rate      74.30 million edges/sec (just tricount itself)
L*U' time (dot):         0.035393 sec (nthreads: 16 speedup 13.0733)
tricount time:         0.046418 sec (dot product method)
tri+prep time:         0.067673 sec (incl time to compute L and U)
compute C time:        0.035393 sec
reduce (C) time:       0.011025 sec
rate      84.89 million edges/sec (incl time for U=triu(A))
rate     123.77 million edges/sec (just tricount itself)
L*U' time (dot):         0.025934 sec (nthreads: 32 speedup 17.8415)
tricount time:         0.036779 sec (dot product method)
tri+prep time:         0.058034 sec (incl time to compute L and U)
compute C time:        0.025934 sec
reduce (C) time:       0.010845 sec
rate      98.99 million edges/sec (incl time for U=triu(A))
rate     156.20 million edges/sec (just tricount itself)
L*U' time (dot):         0.398492 sec
tricount time:         0.457908 sec (dot product method)
tri+prep time:         0.479163 sec (incl time to compute L and U)
compute C time:        0.398492 sec
reduce (C) time:       0.059416 sec
rate      11.99 million edges/sec (incl time for U=triu(A))
rate      12.55 million edges/sec (just tricount itself)
L*U' time (dot):         0.207113 sec (nthreads: 2 speedup 1.92403)
tricount time:         0.240246 sec (dot product method)
tri+prep time:         0.261501 sec (incl time to compute L and U)
compute C time:        0.207113 sec
reduce (C) time:       0.033133 sec
rate      21.97 million edges/sec (incl time for U=triu(A))
rate      23.91 million edges/sec (just tricount itself)
L*U' time (dot):         0.105244 sec (nthreads: 4 speedup 3.78636)
tricount time:         0.125216 sec (dot product method)
tri+prep time:         0.146472 sec (incl time to compute L and U)
compute C time:        0.105244 sec
reduce (C) time:       0.019972 sec
rate      39.22 million edges/sec (incl time for U=triu(A))
rate      45.88 million edges/sec (just tricount itself)
L*U' time (dot):         0.061178 sec (nthreads: 8 speedup 6.51365)
tricount time:         0.075519 sec (dot product method)
tri+prep time:         0.096774 sec (incl time to compute L and U)
compute C time:        0.061178 sec
reduce (C) time:       0.014341 sec
rate      59.36 million edges/sec (incl time for U=triu(A))
rate      76.07 million edges/sec (just tricount itself)
L*U' time (dot):         0.033876 sec (nthreads: 16 speedup 11.7633)
tricount time:         0.045401 sec (dot product method)
tri+prep time:         0.066656 sec (incl time to compute L and U)
compute C time:        0.033876 sec
reduce (C) time:       0.011525 sec
rate      86.19 million edges/sec (incl time for U=triu(A))
rate     126.54 million edges/sec (just tricount itself)
L*U' time (dot):         0.024282 sec (nthreads: 32 speedup 16.411)
tricount time:         0.035560 sec (dot product method)
tri+prep time:         0.056815 sec (incl time to compute L and U)
compute C time:        0.024282 sec
reduce (C) time:       0.011278 sec
rate     101.12 million edges/sec (incl time for U=triu(A))
rate     161.56 million edges/sec (just tricount itself)

----------------------------------- saxpy method:
C<L>=L*L time (saxpy):         0.191453 sec
tricount time:         0.202425 sec (saxpy method)
tri+prep time:         0.211435 sec (incl time to compute L)
compute C time:        0.191453 sec
reduce (C) time:       0.010972 sec
rate      27.17 million edges/sec (incl time for L=tril(A))
rate      28.38 million edges/sec (just tricount itself)
C<L>=L*L time (saxpy):         0.223809 sec (nthreads: 2 speedup 0.85543)
tricount time:         0.232598 sec (saxpy method)
tri+prep time:         0.241608 sec (incl time to compute L)
compute C time:        0.223809 sec
reduce (C) time:       0.008789 sec
rate      23.78 million edges/sec (incl time for L=tril(A))
rate      24.70 million edges/sec (just tricount itself)
C<L>=L*L time (saxpy):         0.146044 sec (nthreads: 4 speedup 1.31093)
tricount time:         0.148403 sec (saxpy method)
tri+prep time:         0.157413 sec (incl time to compute L)
compute C time:        0.146044 sec
reduce (C) time:       0.002359 sec
rate      36.50 million edges/sec (incl time for L=tril(A))
rate      38.71 million edges/sec (just tricount itself)
C<L>=L*L time (saxpy):         0.108527 sec (nthreads: 8 speedup 1.7641)
tricount time:         0.114810 sec (saxpy method)
tri+prep time:         0.123820 sec (incl time to compute L)
compute C time:        0.108527 sec
reduce (C) time:       0.006283 sec
rate      46.40 million edges/sec (incl time for L=tril(A))
rate      50.04 million edges/sec (just tricount itself)
C<L>=L*L time (saxpy):         0.057637 sec (nthreads: 16 speedup 3.3217)
tricount time:         0.062344 sec (saxpy method)
tri+prep time:         0.071354 sec (incl time to compute L)
compute C time:        0.057637 sec
reduce (C) time:       0.004707 sec
rate      80.51 million edges/sec (incl time for L=tril(A))
rate      92.15 million edges/sec (just tricount itself)
C<L>=L*L time (saxpy):         0.047357 sec (nthreads: 32 speedup 4.04275)
tricount time:         0.047789 sec (saxpy method)
tri+prep time:         0.056799 sec (incl time to compute L)
compute C time:        0.047357 sec
reduce (C) time:       0.000432 sec
rate     101.15 million edges/sec (incl time for L=tril(A))
rate     120.21 million edges/sec (just tricount itself)

